CREATE EXTENSION IF NOT EXISTS gp_stats_collector;
CREATE OR REPLACE FUNCTION get_marked_query(marker TEXT)
RETURNS TEXT AS $$
    SELECT query_text
    FROM gpsc.log
    WHERE query_text LIKE '%' || marker || '%'
    ORDER BY datetime DESC
    LIMIT 1
$$ LANGUAGE sql VOLATILE;
SET gpsc.ignored_users_list TO '';
SET gpsc.enable TO TRUE;
-- Test 1: 1 byte chars
SET gpsc.max_text_size to 19;
SET gpsc.logging_mode to 'TBL';
SELECT /*test1*/ 'HelloWorld';
  ?column?  
------------
 HelloWorld
(1 row)

RESET gpsc.logging_mode;
SELECT octet_length(get_marked_query('test1')) = 19 AS correct_length;
 correct_length 
----------------
 t
(1 row)

-- Test 2: 2 byte chars
SET gpsc.max_text_size to 19;
SET gpsc.logging_mode to 'TBL';
SELECT /*test2*/ 'РУССКИЙЯЗЫК';
  ?column?   
-------------
 РУССКИЙЯЗЫК
(1 row)

RESET gpsc.logging_mode;
-- Character 'Р' has two bytes and cut in the middle => not included.
SELECT octet_length(get_marked_query('test2')) = 18 AS correct_length;
 correct_length 
----------------
 t
(1 row)

-- Test 3: 4 byte chars
SET gpsc.max_text_size to 21;
SET gpsc.logging_mode to 'TBL';
SELECT /*test3*/ '😀';
 ?column? 
----------
 😀
(1 row)

RESET gpsc.logging_mode;
-- Emoji has 4 bytes and cut before the last byte => not included.
SELECT octet_length(get_marked_query('test3')) = 18 AS correct_length;
 correct_length 
----------------
 t
(1 row)

-- Cleanup
DROP FUNCTION get_marked_query(TEXT);
RESET gpsc.max_text_size;
RESET gpsc.logging_mode;
RESET gpsc.enable;
RESET gpsc.ignored_users_list;
DROP EXTENSION gp_stats_collector;
