-- The extension generates normalized query text and plan using jumbling functions.
-- Those functions may fail when translating to wide character if the current locale
-- cannot handle the character set. This test checks that even when those functions
-- fail, the plan is still generated and executed. This test is partially taken from
-- gp_locale.
-- start_ignore
DROP DATABASE IF EXISTS gpsc_test_locale;
-- end_ignore
CREATE DATABASE gpsc_test_locale WITH LC_COLLATE='C' LC_CTYPE='C' TEMPLATE=template0;
\c gpsc_test_locale
CREATE EXTENSION gp_stats_collector;
SET gpsc.ignored_users_list TO '';
SET gpsc.enable_utility TO TRUE;
SET gpsc.enable TO TRUE;
CREATE TABLE gpsc_hi_안녕세계 (a int, 안녕세계1 text, 안녕세계2 text, 안녕세계3 text) DISTRIBUTED BY (a);
INSERT INTO gpsc_hi_안녕세계 VALUES(1, '안녕세계1 first', '안녕세2 first', '안녕세계3 first');
-- Should not see error here
UPDATE gpsc_hi_안녕세계 SET 안녕세계1='안녕세계1 first UPDATE' WHERE 안녕세계1='안녕세계1 first';
RESET gpsc.enable;
RESET gpsc.enable_utility;
RESET gpsc.ignored_users_list;
DROP TABLE gpsc_hi_안녕세계;
DROP EXTENSION gp_stats_collector;
